<?xml version="1.0" encoding="UTF-8"?>
<!-- Generated by org.testng.reporters.JUnitReportReporter -->
<testsuite ignored="0" hostname="WIN-P0LEU61ATDM" failures="0" tests="1" name="com.ladbrokes.BrowserStackTest" time="38.143" errors="0" timestamp="19 Jul 2022 10:50:49 GMT" skipped="0">
  <testcase classname="com.ladbrokes.BrowserStackTest" name="ivy" time="38.143"/>
</testsuite> <!-- com.ladbrokes.BrowserStackTest -->
